


materialPath: D:\SteamLibrary\steamapps\common\left 4 dead 2\left4dead2\materials
Loading D:\Games\game-dev\Source Modding\Maps\source_l4d_trainyard2\trainyard2.vmf
fixing up env_cubemap materials on brush sides...
0...1...2...3...4...5...6...7...8...9...10**** leaked ****
Entity ENV_SUN (-1055.68 2436.00 16.00) leaked!

FindPortalSide: Couldn't find a good match for which brush to assign to a portal near (10240.0 512.0 512.0)
Leaf 0 contents: 
Leaf 1 contents: CONTENTS_SOLID 
viscontents (node 0 contents ^ node 1 contents): CONTENTS_SOLID 
This means that none of the brushes in leaf 0 or 1 that touches the portal has CONTENTS_SOLID 
Check for a huge brush enclosing the coordinates above that has contents CONTENTS_SOLID 
Candidate brush IDs: 


FindPortalSide: Couldn't find a good match for which brush to assign to a portal near (9732.0 1024.0 512.0)
Leaf 0 contents: 
Leaf 1 contents: CONTENTS_SOLID 
viscontents (node 0 contents ^ node 1 contents): CONTENTS_SOLID 
This means that none of the brushes in leaf 0 or 1 that touches the portal has CONTENTS_SOLID 
Check for a huge brush enclosing the coordinates above that has contents CONTENTS_SOLID 
Candidate brush IDs: 


FindPortalSide: Couldn't find a good match for which brush to assign to a portal near (9220.0 1024.0 512.0)
Leaf 0 contents: 
Leaf 1 contents: CONTENTS_SOLID 
viscontents (node 0 contents ^ node 1 contents): CONTENTS_SOLID 
This means that none of the brushes in leaf 0 or 1 that touches the portal has CONTENTS_SOLID 
Check for a huge brush enclosing the coordinates above that has contents CONTENTS_SOLID 
Candidate brush IDs: 


FindPortalSide: Couldn't find a good match for which brush to assign to a portal near (8704.0 1024.0 512.0)
Leaf 0 contents: 
Leaf 1 contents: CONTENTS_SOLID 
viscontents (node 0 contents ^ node 1 contents): CONTENTS_SOLID 
This means that none of the brushes in leaf 0 or 1 that touches the portal has CONTENTS_SOLID 
Check for a huge brush enclosing the coordinates above that has contents CONTENTS_SOLID 
Candidate brush IDs: 


FindPortalSide: Couldn't find a good match for which brush to assign to a portal near (9728.0 -1024.0 512.0)
Leaf 0 contents: CONTENTS_SOLID 
Leaf 1 contents: 
viscontents (node 0 contents ^ node 1 contents): CONTENTS_SOLID 
This means that none of the brushes in leaf 0 or 1 that touches the portal has CONTENTS_SOLID 
Check for a huge brush enclosing the coordinates above that has contents CONTENTS_SOLID 
Candidate brush IDs: 


FindPortalSide: Couldn't find a good match for which brush to assign to a portal near (10240.0 -512.0 512.0)
Leaf 0 contents: 
Leaf 1 contents: CONTENTS_SOLID 
viscontents (node 0 contents ^ node 1 contents): CONTENTS_SOLID 
This means that none of the brushes in leaf 0 or 1 that touches the portal has CONTENTS_SOLID 
Check for a huge brush enclosing the coordinates above that has contents CONTENTS_SOLID 
Candidate brush IDs: 


FindPortalSide: Couldn't find a good match for which brush to assign to a portal near (8704.0 -1024.0 512.0)
Leaf 0 contents: CONTENTS_SOLID 
Leaf 1 contents: 
viscontents (node 0 contents ^ node 1 contents): CONTENTS_SOLID 
This means that none of the brushes in leaf 0 or 1 that touches the portal has CONTENTS_SOLID 
Check for a huge brush enclosing the coordinates above that has contents CONTENTS_SOLID 
Candidate brush IDs: 


FindPortalSide: Couldn't find a good match for which brush to assign to a portal near (7168.0 512.0 512.0)
Leaf 0 contents: CONTENTS_SOLID 
Leaf 1 contents: 
viscontents (node 0 contents ^ node 1 contents): CONTENTS_SOLID 
This means that none of the brushes in leaf 0 or 1 that touches the portal has CONTENTS_SOLID 
Check for a huge brush enclosing the coordinates above that has contents CONTENTS_SOLID 
Candidate brush IDs: 

*** Suppressing further FindPortalSide errors.... ***
Processing areas...done (0)
Building Faces...done (0)
FixTjuncs...
PruneNodes...
WriteBSP...
done (0)
Finding displacement neighbors...
Finding lightmap sample positions...
Displacement Alpha : 0...1...2...3...4...5...6...7...8...9...10
Building Physics collision data...
done (0) (28549 bytes)
Cannot build Physics2 data
                                                             -----------
DataLinker total stream size                                     0.0 KiB
Placing detail props : 0...1...2...3...4...5...6...7...8...9...10
Compacting texture/material tables...
Reduced 84 texinfos to 24
Reduced 5 texdatas to 5 (114 bytes to 114)
Writing D:\Games\game-dev\Source Modding\Maps\source_l4d_trainyard2\trainyard2.bsp
0 seconds elapsed



4 threads
reading d:\games\game-dev\source modding\maps\source_l4d_trainyard2\trainyard2.bsp
max farz in all env_fog_controller entities: -1.000000 (used for radial vis)
reading d:\games\game-dev\source modding\maps\source_l4d_trainyard2\trainyard2.prt
LoadPortals: couldn't read d:\games\game-dev\source modding\maps\source_l4d_trainyard2\trainyard2.prt



materialPath: D:\SteamLibrary\steamapps\common\left 4 dead 2\left4dead2\materials
Loading D:\Games\game-dev\Source Modding\Maps\source_l4d_trainyard2\trainyard2.vmf
fixing up env_cubemap materials on brush sides...
0...1...2...3...4...5...6...7...8...9...100...1...2...3...4...5...6...7...8...9...10Processing areas...done (0)
Building Faces...done (0)
FixTjuncs...
PruneNodes...
WriteBSP...
done (0)
writing D:\Games\game-dev\Source Modding\Maps\source_l4d_trainyard2\trainyard2.prt...Building visibility clusters...
done (0)
Finding displacement neighbors...
Finding lightmap sample positions...
Displacement Alpha : 0...1...2...3...4...5...6...7...8...9...10
Building Physics collision data...
done (0) (28517 bytes)
Cannot build Physics2 data
                                                             -----------
DataLinker total stream size                                     0.0 KiB
Placing detail props : 0...1...2...3...4...5...6...7...8...9...10
Compacting texture/material tables...
Reduced 87 texinfos to 24
Reduced 5 texdatas to 5 (114 bytes to 114)
Writing D:\Games\game-dev\Source Modding\Maps\source_l4d_trainyard2\trainyard2.bsp
0 seconds elapsed



4 threads
reading d:\games\game-dev\source modding\maps\source_l4d_trainyard2\trainyard2.bsp
max farz in all env_fog_controller entities: -1.000000 (used for radial vis)
reading d:\games\game-dev\source modding\maps\source_l4d_trainyard2\trainyard2.prt
  75 portalclusters
 164 numportals
0...1...2...3...4...5...6...7...8...9...100...1...2...3...4...5...6...7...8...9...10Optimized: 0 visible clusters (0.00%)
Total clusters visible: 5321
Average clusters visible: 70
Building PAS...
Average clusters audible: 75
visdatasize:2106  compressed from 2400
writing d:\games\game-dev\source modding\maps\source_l4d_trainyard2\trainyard2.bsp
0 seconds elapsed



[Reading texlights from 'lights.rad']
[2 texlights parsed from 'lights.rad']

Loading d:\games\game-dev\source modding\maps\source_l4d_trainyard2\trainyard2.bsp
497 faces
698374 square feet [100565888.00 square inches]
0 Displacements
0 Square Feet [0.00 Square Inches]
497 patches before subdivision
31839 patches after subdivision
0 direct lights
0...1...2...3...4...5...6...7...8...9...100...1...2...3...4...5...6...7...8...9...10transfers 1808572, max 363
transfer lists:  13.8 megs
0...1...2...3...4...5...6...7...8...9...10	Bounce #1 added RGB(0, 0, 0)
Build Patch/Sample Hash Table(s).....Done<0.0084 sec>
0...1...2...3...4...5...6...7...8...9...10FinalLightFace Done
0 of 0 (0% of) surface lights went in leaf ambient cubes.
0...1...2...3...4...5...6...7...8...9...10Writing leaf ambient...done
Ready to Finish

Object names       Objects/Maxobjs  Memory / Maxmem  Fullness 
------------       ---------------  ---------------  -------- 
models                   1/1024           48/49152    ( 0.1%) 
brushes                 84/8192         1008/98304    ( 1.0%) 
brushsides             504/65536        4032/524288   ( 0.8%) 
planes                 130/65536        2600/1310720  ( 0.2%) 
vertexes               790/65536        9480/786432   ( 1.2%) 
nodes                  216/65536        6912/2097152  ( 0.3%) 
texinfos                24/12288        1728/884736   ( 0.2%) 
texdata                  5/2048          160/65536    ( 0.2%) 
dispinfos                0/0               0/0        ( 0.0%) 
disp_verts               0/0               0/0        ( 0.0%) 
disp_tris                0/0               0/0        ( 0.0%) 
disp_lmsamples           0/0               0/0        ( 0.0%) 
faces                  497/65536       27832/3670016  ( 0.8%) 
hdr faces                0/65536           0/3670016  ( 0.0%) 
origfaces               76/65536        4256/3670016  ( 0.1%) 
leaves                 218/65536        6976/2097152  ( 0.3%) 
leaffaces              587/65536        1174/131072   ( 0.9%) 
leafbrushes            230/65536         460/131072   ( 0.4%) 
areas                    2/256            16/2048     ( 0.8%) 
surfedges             2588/512000      10352/2048000  ( 0.5%) 
edges                 1450/256000       5800/1024000  ( 0.6%) 
LDR worldlights          0/8192            0/819200   ( 0.0%) 
HDR worldlights          0/8192            0/819200   ( 0.0%) 
leafwaterdata            0/32768           0/393216   ( 0.0%) 
waterstrips             58/32768         580/327680   ( 0.2%) 
waterverts               0/65536           0/786432   ( 0.0%) 
waterindices           834/65536        1668/131072   ( 1.3%) 
cubemapsamples           0/1024            0/16384    ( 0.0%) 
overlays                 0/512             0/180224   ( 0.0%) 
LDR lightdata         [variable]     2179432/0        ( 0.0%) 
HDR lightdata         [variable]           0/0        ( 0.0%) 
visdata               [variable]        2106/16777216 ( 0.0%) 
entdata               [variable]        1228/393216   ( 0.3%) 
LDR ambient table      218/65536         872/262144   ( 0.3%) 
HDR ambient table      218/65536         872/262144   ( 0.3%) 
LDR leaf ambient        75/65536        2100/1835008  ( 0.1%) 
HDR leaf ambient       218/65536        6104/1835008  ( 0.3%) 
occluders                0/0               0/0        ( 0.0%) 
occluder polygons        0/0               0/0        ( 0.0%) 
occluder vert ind        0/0               0/0        ( 0.0%) 
Prop Hull Verts          0/0               0/0        ( 0.0%) 
Prop Hull Blob           0/0               0/0        ( 0.0%) 
Prop Hull Lists          0/0               0/0        ( 0.0%) 
Prop Hulls               0/0               0/0        ( 0.0%) 
Prop Hull trilist        0/0               0/0        ( 0.0%) 
detail props          [variable]           1/12       ( 8.3%) 
static props          [variable]           1/12       ( 8.3%) 
pakfile               [variable]       86750/0        ( 0.0%) 
physics               [variable]       28517/4194304  ( 0.7%) 
physics terrain       [variable]           2/1048576  ( 0.0%) 

Level flags = 0

Total triangle count: 1290
Writing d:\games\game-dev\source modding\maps\source_l4d_trainyard2\trainyard2.bsp
1 second elapsed
