PRT1
75
164
4 0 1 (8192 2048 0 ) (8192 2048 1024 ) (8192 3072 1024 ) (8192 3072 0 ) 
4 1 2 (7168 2048 0 ) (7168 2048 1024 ) (7168 3072 1024 ) (7168 3072 0 ) 
4 2 3 (6144 2048 0 ) (6144 2048 1024 ) (6144 3072 1024 ) (6144 3072 0 ) 
4 3 6 (6144 2048 0 ) (6144 2048 1024 ) (5120 2048 1024 ) (5120 2048 0 ) 
4 3 4 (5120 2048 0 ) (5120 2048 1024 ) (5120 3072 1024 ) (5120 3072 0 ) 
4 4 7 (5120 2048 0 ) (5120 2048 1024 ) (4100 2048 1024 ) (4100 2048 0 ) 
4 4 5 (4100 2048 128 ) (4100 2048 1024 ) (4100 3072 1024 ) (4100 3072 128 ) 
4 5 12 (4096 2048 128 ) (4096 2048 1024 ) (4096 3072 1024 ) (4096 3072 128 ) 
4 5 7 (4100 2048 1024 ) (4096 2048 1024 ) (4096 2048 128 ) (4100 2048 128 ) 
4 6 8 (6144 1024 0 ) (6144 1024 1024 ) (5120 1024 1024 ) (5120 1024 0 ) 
4 6 7 (5120 2048 1024 ) (5120 2048 0 ) (5120 1024 0 ) (5120 1024 1024 ) 
4 7 24 (4096 1024 128 ) (4096 1024 256 ) (4096 2048 256 ) (4096 2048 128 ) 
4 7 23 (4096 1024 256 ) (4096 1024 1024 ) (4096 2048 1024 ) (4096 2048 256 ) 
4 7 9 (5120 1024 0 ) (5120 1024 1024 ) (4096 1024 1024 ) (4096 1024 0 ) 
4 8 10 (6144 0 0 ) (6144 0 1024 ) (5120 0 1024 ) (5120 0 0 ) 
4 8 9 (5120 1024 1024 ) (5120 1024 0 ) (5120 0 0 ) (5120 0 1024 ) 
4 9 33 (4096 0 0 ) (4096 0 1024 ) (4096 1024 1024 ) (4096 1024 0 ) 
4 9 11 (5120 0 0 ) (5120 0 1024 ) (4096 0 1024 ) (4096 0 0 ) 
4 10 11 (5120 0 1024 ) (5120 0 0 ) (5120 -512 0 ) (5120 -512 1024 ) 
4 11 46 (4096 -512 0 ) (4096 -512 1024 ) (4096 0 1024 ) (4096 0 0 ) 
4 12 24 (4096 2048 128 ) (4096 2048 256 ) (4092 2048 256 ) (4092 2048 128 ) 
4 12 23 (4096 2048 256 ) (4096 2048 1024 ) (4092 2048 1024 ) (4092 2048 256 ) 
4 12 13 (4092 2048 128 ) (4092 2048 1024 ) (4092 3072 1024 ) (4092 3072 128 ) 
4 13 27 (3072 2048 128 ) (3072 2048 0 ) (3104 2048 0 ) (3104 2048 128 ) 
4 13 24 (3104 2048 128 ) (4092 2048 128 ) (4092 2048 256 ) (3104 2048 256 ) 
4 13 23 (4092 2048 1024 ) (3072 2048 1024 ) (3072 2048 256 ) (4092 2048 256 ) 
4 13 16 (3072 2048 0 ) (3072 2048 128 ) (3072 2556 128 ) (3072 2556 0 ) 
4 13 15 (3072 2564 128 ) (3072 3072 128 ) (3072 3072 0 ) (3072 2564 0 ) 
4 13 14 (3072 2048 128 ) (3072 2048 1024 ) (3072 3072 1024 ) (3072 3072 128 ) 
4 14 30 (3040 2048 256 ) (2048 2048 256 ) (2048 2048 128 ) (3040 2048 128 ) 
4 14 28 (3072 2048 256 ) (3072 2048 1024 ) (2048 2048 1024 ) (2048 2048 256 ) 
4 14 18 (2048 2556 1024 ) (2048 2564 1024 ) (2048 2564 128 ) (2048 2556 128 ) 
4 14 17 (2048 2564 1024 ) (2048 3072 1024 ) (2048 3072 128 ) (2048 2564 128 ) 
4 14 19 (2048 2048 128 ) (2048 2048 1024 ) (2048 2556 1024 ) (2048 2556 128 ) 
4 14 16 (3072 2048 128 ) (2056 2048 128 ) (2056 2556 128 ) (3072 2556 128 ) 
4 14 15 (2048 2564 128 ) (2048 3072 128 ) (3072 3072 128 ) (3072 2564 128 ) 
4 15 17 (2048 2564 128 ) (2048 3072 128 ) (2048 3072 0 ) (2048 2564 0 ) 
4 16 31 (3072 2048 0 ) (3072 2048 128 ) (3040 2048 128 ) (3040 2048 0 ) 
4 17 20 (1024 2564 1024 ) (1024 3072 1024 ) (1024 3072 0 ) (1024 2564 0 ) 
4 17 18 (2048 2564 128 ) (2048 2564 1024 ) (1024 2564 1024 ) (1024 2564 128 ) 
4 18 21 (1024 2556 1024 ) (1024 2564 1024 ) (1024 2564 128 ) (1024 2556 128 ) 
4 18 19 (2048 2556 128 ) (2048 2556 1024 ) (1024 2556 1024 ) (1024 2556 128 ) 
4 19 36 (2048 2048 0 ) (2048 2048 1024 ) (1024 2048 1024 ) (1024 2048 0 ) 
4 19 22 (1024 2048 0 ) (1024 2048 1024 ) (1024 2556 1024 ) (1024 2556 0 ) 
4 20 51 (0 2564 1024 ) (0 3072 1024 ) (0 3072 0 ) (0 2564 0 ) 
4 20 21 (1024 2564 128 ) (1024 2564 1024 ) (0 2564 1024 ) (0 2564 128 ) 
4 21 51 (0 2556 1024 ) (0 2564 1024 ) (0 2564 128 ) (0 2556 128 ) 
4 21 22 (1024 2556 128 ) (1024 2556 1024 ) (0 2556 1024 ) (0 2556 128 ) 
4 22 51 (0 2048 0 ) (0 2048 1024 ) (0 2556 1024 ) (0 2556 0 ) 
4 22 37 (1024 2048 0 ) (1024 2048 1024 ) (0 2048 1024 ) (0 2048 0 ) 
4 23 33 (4096 1024 256 ) (4096 1024 1024 ) (3072 1024 1024 ) (3072 1024 256 ) 
4 23 28 (3072 1024 256 ) (3072 1024 1024 ) (3072 2048 1024 ) (3072 2048 256 ) 
4 23 25 (3072 1032 256 ) (3072 2040 256 ) (3104 2040 256 ) (3104 1032 256 ) 
4 23 24 (3104 2048 256 ) (4096 2048 256 ) (4096 1024 256 ) (3104 1024 256 ) 
4 24 33 (4096 1024 128 ) (4096 1024 256 ) (3104 1024 256 ) (3104 1024 128 ) 
4 24 26 (3104 1032 128 ) (3104 2040 128 ) (4088 2040 128 ) (4088 1032 128 ) 
4 24 25 (3104 2040 128 ) (3104 1032 128 ) (3104 1032 256 ) (3104 2040 256 ) 
4 25 29 (3072 1032 256 ) (3072 2040 256 ) (3072 2040 128 ) (3072 1032 128 ) 
4 25 27 (3072 1032 128 ) (3072 2040 128 ) (3104 2040 128 ) (3104 1032 128 ) 
4 26 27 (3104 2040 0 ) (3104 1032 0 ) (3104 1032 128 ) (3104 2040 128 ) 
4 27 33 (3104 1024 128 ) (3072 1024 128 ) (3072 1024 0 ) (3104 1024 0 ) 
4 27 31 (3072 1024 0 ) (3072 1024 128 ) (3072 2048 128 ) (3072 2048 0 ) 
4 28 36 (2048 1024 256 ) (2048 1024 1024 ) (2048 2048 1024 ) (2048 2048 256 ) 
4 28 35 (2056 1024 1024 ) (2048 1024 1024 ) (2048 1024 256 ) (2056 1024 256 ) 
4 28 34 (3072 1024 256 ) (3072 1024 1024 ) (2056 1024 1024 ) (2056 1024 256 ) 
4 28 29 (3040 1032 256 ) (3040 2040 256 ) (3072 2040 256 ) (3072 1032 256 ) 
4 28 30 (3040 1024 256 ) (2048 1024 256 ) (2048 2048 256 ) (3040 2048 256 ) 
4 29 31 (3072 2040 128 ) (3072 1032 128 ) (3040 1032 128 ) (3040 2040 128 ) 
4 29 30 (3040 2040 128 ) (3040 1032 128 ) (3040 1032 256 ) (3040 2040 256 ) 
4 30 36 (2048 1024 128 ) (2048 1024 256 ) (2048 2048 256 ) (2048 2048 128 ) 
4 30 35 (2056 1024 256 ) (2048 1024 256 ) (2048 1024 128 ) (2056 1024 128 ) 
4 30 34 (3040 1024 256 ) (2056 1024 256 ) (2056 1024 128 ) (3040 1024 128 ) 
4 30 32 (3040 2040 128 ) (3040 1032 128 ) (2056 1032 128 ) (2056 2040 128 ) 
4 31 34 (3072 1024 0 ) (3072 1024 128 ) (3040 1024 128 ) (3040 1024 0 ) 
4 31 32 (3040 2040 0 ) (3040 1032 0 ) (3040 1032 128 ) (3040 2040 128 ) 
4 33 46 (4096 0 0 ) (4096 0 1024 ) (3072 0 1024 ) (3072 0 0 ) 
4 33 34 (3072 1024 1024 ) (3072 1024 0 ) (3072 0 0 ) (3072 0 1024 ) 
4 34 48 (3072 0 0 ) (3072 0 128 ) (2056 0 128 ) (2056 0 0 ) 
4 34 47 (3072 0 128 ) (3072 0 1024 ) (2056 0 1024 ) (2056 0 128 ) 
4 34 35 (2056 0 128 ) (2056 0 1024 ) (2056 1024 1024 ) (2056 1024 128 ) 
4 35 47 (2056 0 1024 ) (2048 0 1024 ) (2048 0 128 ) (2056 0 128 ) 
4 35 41 (2048 0 128 ) (2048 0 1024 ) (2048 1024 1024 ) (2048 1024 128 ) 
4 36 41 (2048 1024 0 ) (2048 1024 1024 ) (1024 1024 1024 ) (1024 1024 0 ) 
4 36 38 (1024 1024 256 ) (1024 1024 1024 ) (1024 1536 1024 ) (1024 1536 256 ) 
4 36 37 (1024 1536 1024 ) (1024 2048 1024 ) (1024 2048 0 ) (1024 1536 0 ) 
4 37 55 (0 1536 520 ) (0 1536 1024 ) (0 2048 1024 ) (0 2048 520 ) 
4 37 39 (0 1536 1024 ) (0 1536 256 ) (1016 1536 256 ) (1016 1536 1024 ) 
4 37 38 (1024 1536 256 ) (1024 1536 1024 ) (1016 1536 1024 ) (1016 1536 256 ) 
4 38 42 (1024 1024 256 ) (1024 1024 1024 ) (1016 1024 1024 ) (1016 1024 256 ) 
4 38 39 (1016 1536 1024 ) (1016 1536 256 ) (1016 1528 256 ) (1016 1528 1024 ) 
4 38 40 (1016 1528 256 ) (1016 1024 256 ) (1016 1024 1024 ) (1016 1528 1024 ) 
4 39 59 (0 1536 648 ) (0 1536 520 ) (0 1528 520 ) (0 1528 648 ) 
4 39 56 (0 1528 1024 ) (0 1536 1024 ) (0 1536 648 ) (0 1528 648 ) 
4 39 40 (1016 1528 256 ) (1016 1528 1024 ) (0 1528 1024 ) (0 1528 256 ) 
4 40 59 (0 1024 520 ) (0 1024 648 ) (0 1528 648 ) (0 1528 520 ) 
4 40 56 (0 1024 648 ) (0 1024 1024 ) (0 1528 1024 ) (0 1528 648 ) 
4 40 43 (0 1024 1024 ) (0 1024 0 ) (1016 1024 0 ) (1016 1024 1024 ) 
4 41 49 (2048 0 0 ) (2048 0 1024 ) (1024 0 1024 ) (1024 0 0 ) 
4 41 45 (1024 512 0 ) (1024 0 0 ) (1024 0 1024 ) (1024 512 1024 ) 
4 41 42 (1024 1024 1024 ) (1024 1024 256 ) (1024 512 256 ) (1024 512 1024 ) 
4 42 45 (1024 512 256 ) (1024 512 1024 ) (1016 512 1024 ) (1016 512 256 ) 
4 42 44 (1016 512 256 ) (1016 512 1024 ) (1016 520 1024 ) (1016 520 256 ) 
4 42 43 (1016 520 1024 ) (1016 1024 1024 ) (1016 1024 256 ) (1016 520 256 ) 
4 43 66 (0 1024 648 ) (0 1024 520 ) (0 520 520 ) (0 520 648 ) 
4 43 63 (0 520 1024 ) (0 1024 1024 ) (0 1024 648 ) (0 520 648 ) 
4 43 44 (1016 520 256 ) (1016 520 1024 ) (0 520 1024 ) (0 520 256 ) 
4 44 66 (0 512 520 ) (0 512 648 ) (0 520 648 ) (0 520 520 ) 
4 44 63 (0 512 648 ) (0 512 1024 ) (0 520 1024 ) (0 520 648 ) 
4 44 45 (0 512 1024 ) (0 512 256 ) (1016 512 256 ) (1016 512 1024 ) 
4 45 69 (0 0 520 ) (0 0 1024 ) (0 512 1024 ) (0 512 520 ) 
4 45 50 (0 0 1024 ) (0 0 0 ) (1024 0 0 ) (1024 0 1024 ) 
4 46 48 (3072 0 128 ) (3072 0 0 ) (3072 -512 0 ) (3072 -512 128 ) 
4 46 47 (3072 0 1024 ) (3072 0 128 ) (3072 -512 128 ) (3072 -512 1024 ) 
4 47 49 (2048 0 1024 ) (2048 0 128 ) (2048 -512 128 ) (2048 -512 1024 ) 
4 47 48 (3072 -512 128 ) (2056 -512 128 ) (2056 0 128 ) (3072 0 128 ) 
4 49 50 (1024 0 1024 ) (1024 0 0 ) (1024 -512 0 ) (1024 -512 1024 ) 
4 50 72 (0 -512 0 ) (0 -512 128 ) (0 0 128 ) (0 0 0 ) 
4 50 71 (0 -512 128 ) (0 -512 1024 ) (0 0 1024 ) (0 0 128 ) 
4 51 55 (0 2048 520 ) (0 2048 1024 ) (-508 2048 1024 ) (-508 2048 520 ) 
4 51 52 (-508 2048 128 ) (-508 2048 1024 ) (-508 3072 1024 ) (-508 3072 128 ) 
4 52 55 (-508 2048 1024 ) (-516 2048 1024 ) (-516 2048 520 ) (-508 2048 520 ) 
4 52 53 (-516 2048 128 ) (-516 2048 1024 ) (-516 3072 1024 ) (-516 3072 128 ) 
4 53 55 (-516 2048 1024 ) (-1024 2048 1024 ) (-1024 2048 520 ) (-516 2048 520 ) 
4 53 54 (-1024 2048 0 ) (-1024 2048 1024 ) (-1024 3072 1024 ) (-1024 3072 0 ) 
4 54 62 (-1024 2048 0 ) (-1024 2048 1024 ) (-2048 2048 1024 ) (-2048 2048 0 ) 
4 55 62 (-1024 1536 520 ) (-1024 1536 1024 ) (-1024 2048 1024 ) (-1024 2048 520 ) 
4 55 61 (-768 1536 648 ) (-1024 1536 648 ) (-1024 1536 520 ) (-768 1536 520 ) 
4 55 59 (0 1536 520 ) (0 1536 648 ) (-256 1536 648 ) (-256 1536 520 ) 
4 55 60 (-264 1536 648 ) (-760 1536 648 ) (-760 1536 520 ) (-264 1536 520 ) 
4 55 57 (-256 1536 1024 ) (-768 1536 1024 ) (-768 1536 656 ) (-256 1536 656 ) 
4 55 56 (0 1536 648 ) (0 1536 1024 ) (-256 1536 1024 ) (-256 1536 648 ) 
4 55 58 (-768 1536 1024 ) (-1024 1536 1024 ) (-1024 1536 648 ) (-768 1536 648 ) 
4 56 63 (0 1024 648 ) (0 1024 1024 ) (-256 1024 1024 ) (-256 1024 648 ) 
4 56 59 (0 1024 648 ) (-256 1024 648 ) (-256 1536 648 ) (0 1536 648 ) 
4 56 57 (-256 1024 656 ) (-256 1024 1024 ) (-256 1536 1024 ) (-256 1536 656 ) 
4 57 64 (-256 1024 1024 ) (-768 1024 1024 ) (-768 1024 656 ) (-256 1024 656 ) 
4 57 58 (-768 1024 656 ) (-768 1024 1024 ) (-768 1536 1024 ) (-768 1536 656 ) 
4 58 65 (-768 1024 1024 ) (-1024 1024 1024 ) (-1024 1024 648 ) (-768 1024 648 ) 
4 58 62 (-1024 1024 648 ) (-1024 1024 1024 ) (-1024 1536 1024 ) (-1024 1536 648 ) 
4 58 61 (-768 1024 648 ) (-1024 1024 648 ) (-1024 1536 648 ) (-768 1536 648 ) 
4 59 66 (0 1024 520 ) (0 1024 648 ) (-256 1024 648 ) (-256 1024 520 ) 
4 60 67 (-264 1024 648 ) (-760 1024 648 ) (-760 1024 520 ) (-264 1024 520 ) 
4 61 68 (-768 1024 648 ) (-1024 1024 648 ) (-1024 1024 520 ) (-768 1024 520 ) 
4 61 62 (-1024 1024 520 ) (-1024 1024 648 ) (-1024 1536 648 ) (-1024 1536 520 ) 
4 62 70 (-1024 1024 0 ) (-1024 1024 1024 ) (-2048 1024 1024 ) (-2048 1024 0 ) 
4 63 69 (0 512 648 ) (0 512 1024 ) (-256 512 1024 ) (-256 512 648 ) 
4 63 66 (0 512 648 ) (-256 512 648 ) (-256 1024 648 ) (0 1024 648 ) 
4 63 64 (-256 512 656 ) (-256 512 1024 ) (-256 1024 1024 ) (-256 1024 656 ) 
4 64 69 (-256 512 1024 ) (-768 512 1024 ) (-768 512 656 ) (-256 512 656 ) 
4 64 65 (-768 512 656 ) (-768 512 1024 ) (-768 1024 1024 ) (-768 1024 656 ) 
4 65 70 (-1024 1024 1024 ) (-1024 1024 648 ) (-1024 512 648 ) (-1024 512 1024 ) 
4 65 69 (-768 512 1024 ) (-1024 512 1024 ) (-1024 512 648 ) (-768 512 648 ) 
4 65 68 (-768 512 648 ) (-1024 512 648 ) (-1024 1024 648 ) (-768 1024 648 ) 
4 66 69 (0 512 520 ) (0 512 648 ) (-256 512 648 ) (-256 512 520 ) 
4 67 69 (-264 512 648 ) (-760 512 648 ) (-760 512 520 ) (-264 512 520 ) 
4 68 70 (-1024 1024 648 ) (-1024 1024 520 ) (-1024 512 520 ) (-1024 512 648 ) 
4 68 69 (-768 512 648 ) (-1024 512 648 ) (-1024 512 520 ) (-768 512 520 ) 
4 69 71 (0 0 520 ) (0 0 1024 ) (-1024 0 1024 ) (-1024 0 520 ) 
4 69 70 (-1024 0 520 ) (-1024 0 1024 ) (-1024 512 1024 ) (-1024 512 520 ) 
4 70 74 (-1024 0 0 ) (-1024 0 1024 ) (-2048 0 1024 ) (-2048 0 0 ) 
4 71 74 (-1024 0 1024 ) (-1024 0 128 ) (-1024 -512 128 ) (-1024 -512 1024 ) 
4 71 72 (0 -512 128 ) (-508 -512 128 ) (-508 0 128 ) (0 0 128 ) 
4 71 73 (-516 -512 128 ) (-1024 -512 128 ) (-1024 0 128 ) (-516 0 128 ) 
4 73 74 (-1024 0 128 ) (-1024 0 0 ) (-1024 -512 0 ) (-1024 -512 128 ) 
